react-dom-client.development.js:25022 Download the React DevTools for a better development experience: https://react.dev/link/react-devtools
page.tsx:14 "featureNamespace place-A of featureset place-labels's selector is not associated to the same source, skip this selector
pt @ util.ts:526
setFeaturesetSelectors @ style.ts:2236
s @ style.ts:837
(anonymous) @ style.ts:888
Promise.then
_load @ style.ts:887
(anonymous) @ style.ts:616
requestAnimationFrame
frame @ browser.ts:39
loadJSON @ style.ts:614
_loadImports @ style.ts:658
s @ style.ts:873
_load @ style.ts:895
_load @ style.ts:768
(anonymous) @ style.ts:605
(anonymous) @ ajax.ts:187
Promise.then
u @ ajax.ts:176
(anonymous) @ ajax.ts:158
Promise.then
l @ ajax.ts:155
(anonymous) @ ajax.ts:196
re @ ajax.ts:251
t1.n @ ajax.ts:264
loadURL @ style.ts:599
load @ style.ts:519
_updateStyle @ map.ts:2342
setStyle @ map.ts:2313
Map @ map.ts:755
Home.useEffect @ page.tsx:14
react-stack-bottom-frame @ react-dom-client.development.js:23054
runWithFiberInDEV @ react-dom-client.development.js:844
commitHookEffectListMount @ react-dom-client.development.js:11977
commitHookPassiveMountEffects @ react-dom-client.development.js:12098
commitPassiveMountOnFiber @ react-dom-client.development.js:13928
recursivelyTraversePassiveMountEffects @ react-dom-client.development.js:13901
commitPassiveMountOnFiber @ react-dom-client.development.js:13921
recursivelyTraversePassiveMountEffects @ react-dom-client.development.js:13901
commitPassiveMountOnFiber @ react-dom-client.development.js:14047
recursivelyTraversePassiveMountEffects @ react-dom-client.development.js:13901
commitPassiveMountOnFiber @ react-dom-client.development.js:14047
recursivelyTraversePassiveMountEffects @ react-dom-client.development.js:13901
commitPassiveMountOnFiber @ react-dom-client.development.js:13921
recursivelyTraversePassiveMountEffects @ react-dom-client.development.js:13901
commitPassiveMountOnFiber @ react-dom-client.development.js:13931
recursivelyTraversePassiveMountEffects @ react-dom-client.development.js:13901
commitPassiveMountOnFiber @ react-dom-client.development.js:13921
recursivelyTraversePassiveMountEffects @ react-dom-client.development.js:13901
commitPassiveMountOnFiber @ react-dom-client.development.js:13931
recursivelyTraversePassiveMountEffects @ react-dom-client.development.js:13901
commitPassiveMountOnFiber @ react-dom-client.development.js:13921
recursivelyTraversePassiveMountEffects @ react-dom-client.development.js:13901
commitPassiveMountOnFiber @ react-dom-client.development.js:13921
recursivelyTraversePassiveMountEffects @ react-dom-client.development.js:13901
commitPassiveMountOnFiber @ react-dom-client.development.js:13921
recursivelyTraversePassiveMountEffects @ react-dom-client.development.js:13901
commitPassiveMountOnFiber @ react-dom-client.development.js:13931
recursivelyTraversePassiveMountEffects @ react-dom-client.development.js:13901
commitPassiveMountOnFiber @ react-dom-client.development.js:13921
recursivelyTraversePassiveMountEffects @ react-dom-client.development.js:13901
commitPassiveMountOnFiber @ react-dom-client.development.js:13921
recursivelyTraversePassiveMountEffects @ react-dom-client.development.js:13901
commitPassiveMountOnFiber @ react-dom-client.development.js:14047
recursivelyTraversePassiveMountEffects @ react-dom-client.development.js:13901
commitPassiveMountOnFiber @ react-dom-client.development.js:13921
recursivelyTraversePassiveMountEffects @ react-dom-client.development.js:13901
commitPassiveMountOnFiber @ react-dom-client.development.js:14047
recursivelyTraversePassiveMountEffects @ react-dom-client.development.js:13901
commitPassiveMountOnFiber @ react-dom-client.development.js:14047
recursivelyTraversePassiveMountEffects @ react-dom-client.development.js:13901
commitPassiveMountOnFiber @ react-dom-client.development.js:14047
recursivelyTraversePassiveMountEffects @ react-dom-client.development.js:13901
commitPassiveMountOnFiber @ react-dom-client.development.js:13931
recursivelyTraversePassiveMountEffects @ react-dom-client.development.js:13901
commitPassiveMountOnFiber @ react-dom-client.development.js:13921
recursivelyTraversePassiveMountEffects @ react-dom-client.development.js:13901
commitPassiveMountOnFiber @ react-dom-client.development.js:13931
recursivelyTraversePassiveMountEffects @ react-dom-client.development.js:13901
commitPassiveMountOnFiber @ react-dom-client.development.js:13921
recursivelyTraversePassiveMountEffects @ react-dom-client.development.js:13901
commitPassiveMountOnFiber @ react-dom-client.development.js:13921
recursivelyTraversePassiveMountEffects @ react-dom-client.development.js:13901
commitPassiveMountOnFiber @ react-dom-client.development.js:13931
recursivelyTraversePassiveMountEffects @ react-dom-client.development.js:13901
commitPassiveMountOnFiber @ react-dom-client.development.js:13921
recursivelyTraversePassiveMountEffects @ react-dom-client.development.js:13901
commitPassiveMountOnFiber @ react-dom-client.development.js:13921
recursivelyTraversePassiveMountEffects @ react-dom-client.development.js:13901
commitPassiveMountOnFiber @ react-dom-client.development.js:14047
recursivelyTraversePassiveMountEffects @ react-dom-client.development.js:13901
commitPassiveMountOnFiber @ react-dom-client.development.js:14047
recursivelyTraversePassiveMountEffects @ react-dom-client.development.js:13901
commitPassiveMountOnFiber @ react-dom-client.development.js:14047
recursivelyTraversePassiveMountEffects @ react-dom-client.development.js:13901
commitPassiveMountOnFiber @ react-dom-client.development.js:14047
recursivelyTraversePassiveMountEffects @ react-dom-client.development.js:13901
commitPassiveMountOnFiber @ react-dom-client.development.js:14047
recursivelyTraversePassiveMountEffects @ react-dom-client.development.js:13901
commitPassiveMountOnFiber @ react-dom-client.development.js:14047
recursivelyTraversePassiveMountEffects @ react-dom-client.development.js:13901
commitPassiveMountOnFiber @ react-dom-client.development.js:13921
recursivelyTraversePassiveMountEffects @ react-dom-client.development.js:13901
commitPassiveMountOnFiber @ react-dom-client.development.js:13931
recursivelyTraversePassiveMountEffects @ react-dom-client.development.js:13901
commitPassiveMountOnFiber @ react-dom-client.development.js:13921
recursivelyTraversePassiveMountEffects @ react-dom-client.development.js:13901
commitPassiveMountOnFiber @ react-dom-client.development.js:13921
recursivelyTraversePassiveMountEffects @ react-dom-client.development.js:13901
commitPassiveMountOnFiber @ react-dom-client.development.js:14047
recursivelyTraversePassiveMountEffects @ react-dom-client.development.js:13901
commitPassiveMountOnFiber @ react-dom-client.development.js:13921
recursivelyTraversePassiveMountEffects @ react-dom-client.development.js:13901
commitPassiveMountOnFiber @ react-dom-client.development.js:13921
recursivelyTraversePassiveMountEffects @ react-dom-client.development.js:13901
commitPassiveMountOnFiber @ react-dom-client.development.js:14047
recursivelyTraversePassiveMountEffects @ react-dom-client.development.js:13901
commitPassiveMountOnFiber @ react-dom-client.development.js:14047
recursivelyTraversePassiveMountEffects @ react-dom-client.development.js:13901
commitPassiveMountOnFiber @ react-dom-client.development.js:13940
flushPassiveEffects @ react-dom-client.development.js:15868
(anonymous) @ react-dom-client.development.js:15504
performWorkUntilDeadline @ scheduler.development.js:45
<Home>
exports.jsx @ react-jsx-runtime.development.js:339
ClientPageRoot @ client-page.tsx:60
react-stack-bottom-frame @ react-dom-client.development.js:22973
renderWithHooksAgain @ react-dom-client.development.js:6766
renderWithHooks @ react-dom-client.development.js:6678
updateFunctionComponent @ react-dom-client.development.js:8930
beginWork @ react-dom-client.development.js:10504
runWithFiberInDEV @ react-dom-client.development.js:844
performUnitOfWork @ react-dom-client.development.js:15257
workLoopConcurrentByScheduler @ react-dom-client.development.js:15251
renderRootConcurrent @ react-dom-client.development.js:15226
performWorkOnRoot @ react-dom-client.development.js:14524
performWorkOnRootViaSchedulerTask @ react-dom-client.development.js:16349
performWorkUntilDeadline @ scheduler.development.js:45
"use client"
(anonymous) @ react-server-dom-turbopack-client.browser.development.js:2347
initializeModelChunk @ react-server-dom-turbopack-client.browser.development.js:1047
resolveModelChunk @ react-server-dom-turbopack-client.browser.development.js:1024
resolveModel @ react-server-dom-turbopack-client.browser.development.js:1592
processFullStringRow @ react-server-dom-turbopack-client.browser.development.js:2281
processFullBinaryRow @ react-server-dom-turbopack-client.browser.development.js:2226
progress @ react-server-dom-turbopack-client.browser.development.js:2472
"use server"
ResponseInstance @ react-server-dom-turbopack-client.browser.development.js:1580
createResponseFromOptions @ react-server-dom-turbopack-client.browser.development.js:2389
exports.createFromReadableStream @ react-server-dom-turbopack-client.browser.development.js:2702
[project]/node_modules/.pnpm/next@15.3.1_react-dom@19.1.0_react@19.1.0__react@19.1.0/node_modules/next/dist/client/app-index.js [app-client] (ecmascript) @ app-index.tsx:157
(anonymous) @ dev-base.ts:201
runModuleExecutionHooks @ dev-base.ts:261
instantiateModule @ dev-base.ts:199
getOrInstantiateModuleFromParent @ dev-base.ts:128
commonJsRequire @ runtime-utils.ts:241
(anonymous) @ app-next-turbopack.ts:11
(anonymous) @ app-bootstrap.ts:78
loadScriptsInSequence @ app-bootstrap.ts:20
appBootstrap @ app-bootstrap.ts:60
[project]/node_modules/.pnpm/next@15.3.1_react-dom@19.1.0_react@19.1.0__react@19.1.0/node_modules/next/dist/client/app-next-turbopack.js [app-client] (ecmascript) @ app-next-turbopack.ts:10
(anonymous) @ dev-base.ts:201
runModuleExecutionHooks @ dev-base.ts:261
instantiateModule @ dev-base.ts:199
getOrInstantiateRuntimeModule @ dev-base.ts:97
registerChunk @ runtime-backend-dom.ts:85
await in registerChunk
registerChunk @ runtime-base.ts:356
(anonymous) @ dev-backend-dom.ts:127
(anonymous) @ dev-backend-dom.ts:127
report-hmr-latency.ts:26 [Fast Refresh] done in NaNms
page.tsx:14 Cutoff is currently disabled on terrain
pt @ util.ts:526
Qi @ cutoff.ts:35
(anonymous) @ draw_terrain_raster.ts:292
renderToBackBuffer @ terrain.ts:832
renderBatch @ terrain.ts:943
render @ painter.ts:1248
_render @ map.ts:4419
(anonymous) @ map.ts:4837
requestAnimationFrame
frame @ browser.ts:39
_triggerFrame @ map.ts:4831
_render @ map.ts:4536
(anonymous) @ map.ts:4837
requestAnimationFrame
frame @ browser.ts:39
_triggerFrame @ map.ts:4831
triggerRepaint @ map.ts:4825
_update @ map.ts:4286
(anonymous) @ map.ts:807
fire @ evented.ts:152
fire @ evented.ts:168
s @ style.ts:868
_load @ style.ts:895
_load @ style.ts:768
(anonymous) @ style.ts:605
(anonymous) @ ajax.ts:187
Promise.then
u @ ajax.ts:176
(anonymous) @ ajax.ts:158
Promise.then
l @ ajax.ts:155
(anonymous) @ ajax.ts:196
re @ ajax.ts:251
t1.n @ ajax.ts:264
loadURL @ style.ts:599
load @ style.ts:519
_updateStyle @ map.ts:2342
setStyle @ map.ts:2313
Map @ map.ts:755
Home.useEffect @ page.tsx:14
react-stack-bottom-frame @ react-dom-client.development.js:23054
runWithFiberInDEV @ react-dom-client.development.js:844
commitHookEffectListMount @ react-dom-client.development.js:11977
commitHookPassiveMountEffects @ react-dom-client.development.js:12098
commitPassiveMountOnFiber @ react-dom-client.development.js:13928
recursivelyTraversePassiveMountEffects @ react-dom-client.development.js:13901
commitPassiveMountOnFiber @ react-dom-client.development.js:13921
recursivelyTraversePassiveMountEffects @ react-dom-client.development.js:13901
commitPassiveMountOnFiber @ react-dom-client.development.js:14047
recursivelyTraversePassiveMountEffects @ react-dom-client.development.js:13901
commitPassiveMountOnFiber @ react-dom-client.development.js:14047
recursivelyTraversePassiveMountEffects @ react-dom-client.development.js:13901
commitPassiveMountOnFiber @ react-dom-client.development.js:13921
recursivelyTraversePassiveMountEffects @ react-dom-client.development.js:13901
commitPassiveMountOnFiber @ react-dom-client.development.js:13931
recursivelyTraversePassiveMountEffects @ react-dom-client.development.js:13901
commitPassiveMountOnFiber @ react-dom-client.development.js:13921
recursivelyTraversePassiveMountEffects @ react-dom-client.development.js:13901
commitPassiveMountOnFiber @ react-dom-client.development.js:13931
recursivelyTraversePassiveMountEffects @ react-dom-client.development.js:13901
commitPassiveMountOnFiber @ react-dom-client.development.js:13921
recursivelyTraversePassiveMountEffects @ react-dom-client.development.js:13901
commitPassiveMountOnFiber @ react-dom-client.development.js:13921
recursivelyTraversePassiveMountEffects @ react-dom-client.development.js:13901
commitPassiveMountOnFiber @ react-dom-client.development.js:13921
recursivelyTraversePassiveMountEffects @ react-dom-client.development.js:13901
commitPassiveMountOnFiber @ react-dom-client.development.js:13931
recursivelyTraversePassiveMountEffects @ react-dom-client.development.js:13901
commitPassiveMountOnFiber @ react-dom-client.development.js:13921
recursivelyTraversePassiveMountEffects @ react-dom-client.development.js:13901
commitPassiveMountOnFiber @ react-dom-client.development.js:13921
recursivelyTraversePassiveMountEffects @ react-dom-client.development.js:13901
commitPassiveMountOnFiber @ react-dom-client.development.js:14047
recursivelyTraversePassiveMountEffects @ react-dom-client.development.js:13901
commitPassiveMountOnFiber @ react-dom-client.development.js:13921
recursivelyTraversePassiveMountEffects @ react-dom-client.development.js:13901
commitPassiveMountOnFiber @ react-dom-client.development.js:14047
recursivelyTraversePassiveMountEffects @ react-dom-client.development.js:13901
commitPassiveMountOnFiber @ react-dom-client.development.js:14047
recursivelyTraversePassiveMountEffects @ react-dom-client.development.js:13901
commitPassiveMountOnFiber @ react-dom-client.development.js:14047
recursivelyTraversePassiveMountEffects @ react-dom-client.development.js:13901
commitPassiveMountOnFiber @ react-dom-client.development.js:13931
recursivelyTraversePassiveMountEffects @ react-dom-client.development.js:13901
commitPassiveMountOnFiber @ react-dom-client.development.js:13921
recursivelyTraversePassiveMountEffects @ react-dom-client.development.js:13901
commitPassiveMountOnFiber @ react-dom-client.development.js:13931
recursivelyTraversePassiveMountEffects @ react-dom-client.development.js:13901
commitPassiveMountOnFiber @ react-dom-client.development.js:13921
recursivelyTraversePassiveMountEffects @ react-dom-client.development.js:13901
commitPassiveMountOnFiber @ react-dom-client.development.js:13921
recursivelyTraversePassiveMountEffects @ react-dom-client.development.js:13901
commitPassiveMountOnFiber @ react-dom-client.development.js:13931
recursivelyTraversePassiveMountEffects @ react-dom-client.development.js:13901
commitPassiveMountOnFiber @ react-dom-client.development.js:13921
recursivelyTraversePassiveMountEffects @ react-dom-client.development.js:13901
commitPassiveMountOnFiber @ react-dom-client.development.js:13921
recursivelyTraversePassiveMountEffects @ react-dom-client.development.js:13901
commitPassiveMountOnFiber @ react-dom-client.development.js:14047
recursivelyTraversePassiveMountEffects @ react-dom-client.development.js:13901
commitPassiveMountOnFiber @ react-dom-client.development.js:14047
recursivelyTraversePassiveMountEffects @ react-dom-client.development.js:13901
commitPassiveMountOnFiber @ react-dom-client.development.js:14047
recursivelyTraversePassiveMountEffects @ react-dom-client.development.js:13901
commitPassiveMountOnFiber @ react-dom-client.development.js:14047
recursivelyTraversePassiveMountEffects @ react-dom-client.development.js:13901
commitPassiveMountOnFiber @ react-dom-client.development.js:14047
recursivelyTraversePassiveMountEffects @ react-dom-client.development.js:13901
commitPassiveMountOnFiber @ react-dom-client.development.js:14047
recursivelyTraversePassiveMountEffects @ react-dom-client.development.js:13901
commitPassiveMountOnFiber @ react-dom-client.development.js:13921
recursivelyTraversePassiveMountEffects @ react-dom-client.development.js:13901
commitPassiveMountOnFiber @ react-dom-client.development.js:13931
recursivelyTraversePassiveMountEffects @ react-dom-client.development.js:13901
commitPassiveMountOnFiber @ react-dom-client.development.js:13921
recursivelyTraversePassiveMountEffects @ react-dom-client.development.js:13901
commitPassiveMountOnFiber @ react-dom-client.development.js:13921
recursivelyTraversePassiveMountEffects @ react-dom-client.development.js:13901
commitPassiveMountOnFiber @ react-dom-client.development.js:14047
recursivelyTraversePassiveMountEffects @ react-dom-client.development.js:13901
commitPassiveMountOnFiber @ react-dom-client.development.js:13921
recursivelyTraversePassiveMountEffects @ react-dom-client.development.js:13901
commitPassiveMountOnFiber @ react-dom-client.development.js:13921
recursivelyTraversePassiveMountEffects @ react-dom-client.development.js:13901
commitPassiveMountOnFiber @ react-dom-client.development.js:14047
recursivelyTraversePassiveMountEffects @ react-dom-client.development.js:13901
commitPassiveMountOnFiber @ react-dom-client.development.js:14047
recursivelyTraversePassiveMountEffects @ react-dom-client.development.js:13901
commitPassiveMountOnFiber @ react-dom-client.development.js:13940
flushPassiveEffects @ react-dom-client.development.js:15868
(anonymous) @ react-dom-client.development.js:15504
performWorkUntilDeadline @ scheduler.development.js:45
<Home>
exports.jsx @ react-jsx-runtime.development.js:339
ClientPageRoot @ client-page.tsx:60
react-stack-bottom-frame @ react-dom-client.development.js:22973
renderWithHooksAgain @ react-dom-client.development.js:6766
renderWithHooks @ react-dom-client.development.js:6678
updateFunctionComponent @ react-dom-client.development.js:8930
beginWork @ react-dom-client.development.js:10504
runWithFiberInDEV @ react-dom-client.development.js:844
performUnitOfWork @ react-dom-client.development.js:15257
workLoopConcurrentByScheduler @ react-dom-client.development.js:15251
renderRootConcurrent @ react-dom-client.development.js:15226
performWorkOnRoot @ react-dom-client.development.js:14524
performWorkOnRootViaSchedulerTask @ react-dom-client.development.js:16349
performWorkUntilDeadline @ scheduler.development.js:45
"use client"
(anonymous) @ react-server-dom-turbopack-client.browser.development.js:2347
initializeModelChunk @ react-server-dom-turbopack-client.browser.development.js:1047
resolveModelChunk @ react-server-dom-turbopack-client.browser.development.js:1024
resolveModel @ react-server-dom-turbopack-client.browser.development.js:1592
processFullStringRow @ react-server-dom-turbopack-client.browser.development.js:2281
processFullBinaryRow @ react-server-dom-turbopack-client.browser.development.js:2226
progress @ react-server-dom-turbopack-client.browser.development.js:2472
"use server"
ResponseInstance @ react-server-dom-turbopack-client.browser.development.js:1580
createResponseFromOptions @ react-server-dom-turbopack-client.browser.development.js:2389
exports.createFromReadableStream @ react-server-dom-turbopack-client.browser.development.js:2702
[project]/node_modules/.pnpm/next@15.3.1_react-dom@19.1.0_react@19.1.0__react@19.1.0/node_modules/next/dist/client/app-index.js [app-client] (ecmascript) @ app-index.tsx:157
(anonymous) @ dev-base.ts:201
runModuleExecutionHooks @ dev-base.ts:261
instantiateModule @ dev-base.ts:199
getOrInstantiateModuleFromParent @ dev-base.ts:128
commonJsRequire @ runtime-utils.ts:241
(anonymous) @ app-next-turbopack.ts:11
(anonymous) @ app-bootstrap.ts:78
loadScriptsInSequence @ app-bootstrap.ts:20
appBootstrap @ app-bootstrap.ts:60
[project]/node_modules/.pnpm/next@15.3.1_react-dom@19.1.0_react@19.1.0__react@19.1.0/node_modules/next/dist/client/app-next-turbopack.js [app-client] (ecmascript) @ app-next-turbopack.ts:10
(anonymous) @ dev-base.ts:201
runModuleExecutionHooks @ dev-base.ts:261
instantiateModule @ dev-base.ts:199
getOrInstantiateRuntimeModule @ dev-base.ts:97
registerChunk @ runtime-backend-dom.ts:85
await in registerChunk
registerChunk @ runtime-base.ts:356
(anonymous) @ dev-backend-dom.ts:127
(anonymous) @ dev-backend-dom.ts:127
